#
# There is insufficient memory for the Java Runtime Environment to continue.
# Native memory allocation (malloc) failed to allocate 32744 bytes for ChunkPool::allocate
# Possible reasons:
#   The system is out of physical RAM or swap space
#   In 32 bit mode, the process size limit was hit
# Possible solutions:
#   Reduce memory load on the system
#   Increase physical memory or swap space
#   Check if swap backing store is full
#   Use 64 bit Java on a 64 bit OS
#   Decrease Java heap size (-Xmx/-Xms)
#   Decrease number of Java threads
#   Decrease Java thread stack sizes (-Xss)
#   Set larger code cache with -XX:ReservedCodeCacheSize=
# This output file may be truncated or incomplete.
#
#  Out of Memory Error (allocation.cpp:273), pid=15620, tid=15712
#
# JRE version: Java(TM) SE Runtime Environment (8.0_74-b02) (build 1.8.0_74-b02)
# Java VM: Java HotSpot(TM) 64-Bit Server VM (25.74-b02 mixed mode windows-amd64 compressed oops)
# Failed to write core dump. Minidumps are not enabled by default on client versions of Windows
#

---------------  T H R E A D  ---------------

Current thread (0x0000000014c6f800):  JavaThread "C1 CompilerThread2" daemon [_thread_in_native, id=15712, stack(0x00000000163b0000,0x00000000164b0000)]

Stack: [0x00000000163b0000,0x00000000164b0000]
[error occurred during error reporting (printing stack bounds), id 0xc0000005]

Native frames: (J=compiled Java code, j=interpreted, Vv=VM code, C=native code)


Current CompileTask:
C1:   1740   99   !   3       sun.nio.fs.WindowsFileAttributes::get (236 bytes)


---------------  P R O C E S S  ---------------

Java Threads: ( => current thread )
  0x00000000164c6000 JavaThread "Service Thread" daemon [_thread_blocked, id=15716, stack(0x00000000168b0000,0x00000000169b0000)]
=>0x0000000014c6f800 JavaThread "C1 CompilerThread2" daemon [_thread_in_native, id=15712, stack(0x00000000163b0000,0x00000000164b0000)]
  0x0000000014c64800 JavaThread "C2 CompilerThread1" daemon [_thread_blocked, id=15708, stack(0x00000000162b0000,0x00000000163b0000)]
  0x0000000014c5e000 JavaThread "C2 CompilerThread0" daemon [_thread_blocked, id=15704, stack(0x00000000161b0000,0x00000000162b0000)]
  0x0000000014c5c800 JavaThread "Attach Listener" daemon [_thread_blocked, id=15700, stack(0x00000000160b0000,0x00000000161b0000)]
  0x0000000014c5b000 JavaThread "Signal Dispatcher" daemon [_thread_blocked, id=15696, stack(0x0000000015fb0000,0x00000000160b0000)]
  0x000000000265a800 JavaThread "Finalizer" daemon [_thread_blocked, id=15692, stack(0x0000000015eb0000,0x0000000015fb0000)]
  0x0000000014c29000 JavaThread "Reference Handler" daemon [_thread_blocked, id=15688, stack(0x0000000015db0000,0x0000000015eb0000)]
  0x00000000022cd800 JavaThread "main" [_thread_in_native, id=15664, stack(0x0000000002460000,0x0000000002560000)]

Other Threads:
  0x0000000014c27000 VMThread [stack: 0x0000000015cb0000,0x0000000015db0000] [id=15684]
  0x00000000164d3800 WatcherThread [stack: 0x00000000169b0000,0x0000000016ab0000] [id=15720]

VM state:not at safepoint (normal execution)

VM Mutex/Monitor currently owned by a thread: None

Heap:
 PSYoungGen      total 18944K, used 1638K [0x00000000eb200000, 0x00000000ec700000, 0x0000000100000000)
  eden space 16384K, 10% used [0x00000000eb200000,0x00000000eb399a60,0x00000000ec200000)
  from space 2560K, 0% used [0x00000000ec480000,0x00000000ec480000,0x00000000ec700000)
  to   space 2560K, 0% used [0x00000000ec200000,0x00000000ec200000,0x00000000ec480000)
 ParOldGen       total 44032K, used 0K [0x00000000c1600000, 0x00000000c4100000, 0x00000000eb200000)
  object space 44032K, 0% used [0x00000000c1600000,0x00000000c1600000,0x00000000c4100000)
 Metaspace       used 3389K, capacity 4568K, committed 4864K, reserved 1056768K
  class space    used 388K, capacity 392K, committed 512K, reserved 1048576K

Card table byte_map: [0x0000000011a20000,0x0000000011c20000] byte_map_base: 0x0000000011415000

Marking Bits: (ParMarkBitMap*) 0x00000000654f0600
 Begin Bits: [0x0000000012170000, 0x0000000013118000)
 End Bits:   [0x0000000013118000, 0x00000000140c0000)

Polling page: 0x0000000000a40000

CodeCache: size=245760Kb used=1236Kb max_used=1236Kb free=244523Kb
 bounds [0x0000000002660000, 0x00000000028d0000, 0x0000000011660000]
 total_blobs=368 nmethods=98 adapters=183
 compilation: enabled

Compilation events (10 events):
Event: 1.598 Thread 0x0000000014c6f800 nmethod 94 0x0000000002793290 code [0x00000000027933e0, 0x0000000002793590]
Event: 1.598 Thread 0x0000000014c6f800   95       3       java.util.ArrayList::rangeCheck (22 bytes)
Event: 1.599 Thread 0x0000000014c6f800 nmethod 95 0x0000000002793650 code [0x0000000002793860, 0x0000000002794318]
Event: 1.608 Thread 0x0000000014c6f800   96       3       java.util.HashSet::add (20 bytes)
Event: 1.609 Thread 0x0000000014c6f800 nmethod 96 0x00000000027948d0 code [0x0000000002794a40, 0x0000000002794cc8]
Event: 1.635 Thread 0x0000000014c6f800   97       3       java.util.AbstractSet::<init> (5 bytes)
Event: 1.635 Thread 0x0000000014c6f800 nmethod 97 0x0000000002794d90 code [0x0000000002794f00, 0x0000000002795110]
Event: 1.652 Thread 0x0000000014c6f800   98       1       sun.nio.fs.WindowsFileSystem::defaultDirectory (5 bytes)
Event: 1.652 Thread 0x0000000014c6f800 nmethod 98 0x00000000027951d0 code [0x0000000002795320, 0x0000000002795430]
Event: 1.653 Thread 0x0000000014c6f800   99   !   3       sun.nio.fs.WindowsFileAttributes::get (236 bytes)

GC Heap History (0 events):
No events

Deoptimization events (0 events):
No events

Internal exceptions (10 events):
Event: 1.629 Thread 0x00000000022cd800 Exception <a 'sun/nio/fs/WindowsException'> (0x00000000eb3570a8) thrown at [C:\re\workspace\8-2-build-windows-amd64-cygwin\jdk8u74\6087\hotspot\src\share\vm\prims\jni.cpp, line 709]
Event: 1.636 Thread 0x00000000022cd800 Exception <a 'sun/nio/fs/WindowsException'> (0x00000000eb358c88) thrown at [C:\re\workspace\8-2-build-windows-amd64-cygwin\jdk8u74\6087\hotspot\src\share\vm\prims\jni.cpp, line 709]
Event: 1.643 Thread 0x00000000022cd800 Exception <a 'sun/nio/fs/WindowsException'> (0x00000000eb35a868) thrown at [C:\re\workspace\8-2-build-windows-amd64-cygwin\jdk8u74\6087\hotspot\src\share\vm\prims\jni.cpp, line 709]
Event: 1.651 Thread 0x00000000022cd800 Exception <a 'sun/nio/fs/WindowsException'> (0x00000000eb35c448) thrown at [C:\re\workspace\8-2-build-windows-amd64-cygwin\jdk8u74\6087\hotspot\src\share\vm\prims\jni.cpp, line 709]
Event: 1.659 Thread 0x00000000022cd800 Exception <a 'sun/nio/fs/WindowsException'> (0x00000000eb35e028) thrown at [C:\re\workspace\8-2-build-windows-amd64-cygwin\jdk8u74\6087\hotspot\src\share\vm\prims\jni.cpp, line 709]
Event: 1.666 Thread 0x00000000022cd800 Exception <a 'sun/nio/fs/WindowsException'> (0x00000000eb35fc08) thrown at [C:\re\workspace\8-2-build-windows-amd64-cygwin\jdk8u74\6087\hotspot\src\share\vm\prims\jni.cpp, line 709]
Event: 1.672 Thread 0x00000000022cd800 Exception <a 'sun/nio/fs/WindowsException'> (0x00000000eb3617e8) thrown at [C:\re\workspace\8-2-build-windows-amd64-cygwin\jdk8u74\6087\hotspot\src\share\vm\prims\jni.cpp, line 709]
Event: 1.679 Thread 0x00000000022cd800 Exception <a 'sun/nio/fs/WindowsException'> (0x00000000eb3633c8) thrown at [C:\re\workspace\8-2-build-windows-amd64-cygwin\jdk8u74\6087\hotspot\src\share\vm\prims\jni.cpp, line 709]
Event: 1.685 Thread 0x00000000022cd800 Exception <a 'sun/nio/fs/WindowsException'> (0x00000000eb364fa8) thrown at [C:\re\workspace\8-2-build-windows-amd64-cygwin\jdk8u74\6087\hotspot\src\share\vm\prims\jni.cpp, line 709]
Event: 1.692 Thread 0x00000000022cd800 Exception <a 'sun/nio/fs/WindowsException'> (0x00000000eb366b88) thrown at [C:\re\workspace\8-2-build-windows-amd64-cygwin\jdk8u74\6087\hotspot\src\share\vm\prims\jni.cpp, line 709]

Events (10 events):
Event: 1.097 loading class sun/nio/ch/NativeThread
Event: 1.097 loading class sun/nio/ch/NativeThread done
Event: 1.097 loading class sun/nio/ch/FileLockTable
Event: 1.097 loading class sun/nio/ch/FileLockTable done
Event: 1.097 loading class sun/nio/ch/SharedFileLockTable
Event: 1.097 loading class sun/nio/ch/SharedFileLockTable done
Event: 1.098 loading class sun/nio/ch/FileKey
Event: 1.098 loading class sun/nio/ch/FileKey done
Event: 1.098 loading class sun/nio/ch/SharedFileLockTable$FileLockReference
Event: 1.098 loading class sun/nio/ch/SharedFileLockTable$FileLockReference done


Dynamic libraries:
0x00007ff6c7d30000 - 0x00007ff6c7d67000 	C:\Program Files\Java\jre1.8.0_74\bin\javaw.exe
0x00007ffef20b0000 - 0x00007ffef2272000 	C:\WINDOWS\SYSTEM32\ntdll.dll
0x00007ffef0cc0000 - 0x00007ffef0d6d000 	C:\WINDOWS\system32\KERNEL32.DLL
0x00007ffeef450000 - 0x00007ffeef62d000 	C:\WINDOWS\system32\KERNELBASE.dll
0x00007ffef1790000 - 0x00007ffef1836000 	C:\WINDOWS\system32\ADVAPI32.dll
0x00007ffef0d70000 - 0x00007ffef0e0d000 	C:\WINDOWS\system32\msvcrt.dll
0x00007ffef1730000 - 0x00007ffef178b000 	C:\WINDOWS\system32\sechost.dll
0x00007ffef11d0000 - 0x00007ffef12f6000 	C:\WINDOWS\system32\RPCRT4.dll
0x00007ffef1300000 - 0x00007ffef144e000 	C:\WINDOWS\system32\USER32.dll
0x00007ffef1040000 - 0x00007ffef11c6000 	C:\WINDOWS\system32\GDI32.dll
0x00007ffee9d70000 - 0x00007ffee9fe4000 	C:\WINDOWS\WinSxS\amd64_microsoft.windows.common-controls_6595b64144ccf1df_6.0.10240.16384_none_f41f7b285750ef43\COMCTL32.dll
0x00007ffef1530000 - 0x00007ffef1566000 	C:\WINDOWS\system32\IMM32.DLL
0x00007ffef1570000 - 0x00007ffef16cc000 	C:\WINDOWS\system32\MSCTF.dll
0x0000000064a20000 - 0x0000000064af2000 	C:\Program Files\Java\jre1.8.0_74\bin\msvcr100.dll
0x0000000064ce0000 - 0x0000000065570000 	C:\Program Files\Java\jre1.8.0_74\bin\server\jvm.dll
0x00007ffef0cb0000 - 0x00007ffef0cb8000 	C:\WINDOWS\system32\PSAPI.DLL
0x00007ffee1f50000 - 0x00007ffee1f59000 	C:\WINDOWS\SYSTEM32\WSOCK32.dll
0x00007ffeecff0000 - 0x00007ffeed013000 	C:\WINDOWS\SYSTEM32\WINMM.dll
0x00007ffeea130000 - 0x00007ffeea13a000 	C:\WINDOWS\SYSTEM32\VERSION.dll
0x00007ffef1840000 - 0x00007ffef18a9000 	C:\WINDOWS\system32\WS2_32.dll
0x00007ffef19f0000 - 0x00007ffef19f8000 	C:\WINDOWS\system32\NSI.dll
0x00007ffeecb40000 - 0x00007ffeecb6c000 	C:\WINDOWS\SYSTEM32\WINMMBASE.dll
0x00007ffeef340000 - 0x00007ffeef384000 	C:\WINDOWS\system32\cfgmgr32.dll
0x00007ffeed410000 - 0x00007ffeed437000 	C:\WINDOWS\SYSTEM32\DEVOBJ.dll
0x0000000064cd0000 - 0x0000000064cdf000 	C:\Program Files\Java\jre1.8.0_74\bin\verify.dll
0x0000000064ca0000 - 0x0000000064cc9000 	C:\Program Files\Java\jre1.8.0_74\bin\java.dll
0x0000000064c80000 - 0x0000000064c96000 	C:\Program Files\Java\jre1.8.0_74\bin\zip.dll
0x00007ffeef740000 - 0x00007ffef0ca8000 	C:\WINDOWS\system32\SHELL32.dll
0x00007ffeeeb40000 - 0x00007ffeef168000 	C:\WINDOWS\system32\windows.storage.dll
0x00007ffef1a00000 - 0x00007ffef1c7c000 	C:\WINDOWS\system32\combase.dll
0x00007ffef0fe0000 - 0x00007ffef1031000 	C:\WINDOWS\system32\shlwapi.dll
0x00007ffeeeb10000 - 0x00007ffeeeb1f000 	C:\WINDOWS\system32\kernel.appcore.dll
0x00007ffeef390000 - 0x00007ffeef443000 	C:\WINDOWS\system32\shcore.dll
0x00007ffeeeac0000 - 0x00007ffeeeb0a000 	C:\WINDOWS\system32\powrprof.dll
0x00007ffeeeaa0000 - 0x00007ffeeeab3000 	C:\WINDOWS\system32\profapi.dll
0x00007ffef1470000 - 0x00007ffef152e000 	C:\WINDOWS\system32\OLEAUT32.dll
0x0000000064c60000 - 0x0000000064c7a000 	C:\Program Files\Java\jre1.8.0_74\bin\net.dll
0x00007ffeee310000 - 0x00007ffeee36d000 	C:\WINDOWS\system32\mswsock.dll
0x0000000064c40000 - 0x0000000064c51000 	C:\Program Files\Java\jre1.8.0_74\bin\nio.dll

VM Arguments:
jvm_args: -Dfile.encoding=Cp1252 
java_command: hit.driver.MMUDriver
java_class_path (initial): C:\Projects\Java Projects\Internet Environment Programming\JavaProject\bin;C:\Projects\Java Projects\Internet Environment Programming\JavaProject\External\gson-2.6.2.jar;C:\Users\Ron\.p2\pool\plugins\org.junit_4.12.0.v201504281640\junit.jar;C:\Users\Ron\.p2\pool\plugins\org.hamcrest.core_1.3.0.v201303031735.jar
Launcher Type: SUN_STANDARD

Environment Variables:
PATH=C:/Program Files/Java/jre1.8.0_74/bin/server;C:/Program Files/Java/jre1.8.0_74/bin;C:/Program Files/Java/jre1.8.0_74/lib/amd64;C:\ProgramData\Oracle\Java\javapath;C:\Program Files (x86)\NVIDIA Corporation\PhysX\Common;C:\Program Files (x86)\Intel\iCLS Client\;C:\Program Files\Intel\iCLS Client\;C:\WINDOWS\system32;C:\WINDOWS;C:\WINDOWS\System32\Wbem;C:\WINDOWS\System32\WindowsPowerShell\v1.0\;C:\Program Files\Intel\Intel(R) Management Engine Components\DAL;C:\Program Files\Intel\Intel(R) Management Engine Components\IPT;C:\Program Files (x86)\Intel\Intel(R) Management Engine Components\DAL;C:\Program Files (x86)\Intel\Intel(R) Management Engine Components\IPT;C:\Program Files\Intel\WiFi\bin\;C:\Program Files\Common Files\Intel\WirelessCommon\;C:\Program Files (x86)\Windows Live\Shared;C:\Program Files (x86)\Microsoft SDKs\TypeScript\1.0\;C:\Program Files\Microsoft SQL Server\110\Tools\Binn\;C:\Program Files (x86)\Skype\Phone\;c:\Program Files (x86)\Microsoft SQL Server\100\Tools\Binn\;c:\Program Files\Microsoft SQL Server\100\Tools\Binn\;c:\Program Files\Microsoft SQL Server\100\DTS\Binn\;C:\Program Files (x86)\MySQL\MySQL Fabric 1.5 & MySQL Utilities 1.5\;C:\Program Files (x86)\MySQL\MySQL Fabric 1.5 & MySQL Utilities 1.5\Doctrine extensions for PHP\;C:\Users\Ron\Desktop;
USERNAME=Ron
OS=Windows_NT
PROCESSOR_IDENTIFIER=Intel64 Family 6 Model 69 Stepping 1, GenuineIntel



---------------  S Y S T E M  ---------------

OS: Windows 10.0 , 64 bit Build 10240 (10.0.10240.16384)

CPU:total 4 (2 cores per cpu, 2 threads per core) family 6 model 69 stepping 1, cmov, cx8, fxsr, mmx, sse, sse2, sse3, ssse3, sse4.1, sse4.2, popcnt, avx, avx2, aes, clmul, erms, lzcnt, ht, tsc, tscinvbit, bmi1, bmi2

Memory: 4k page, physical 4099864k(604004k free), swap 16682776k(688k free)

vm_info: Java HotSpot(TM) 64-Bit Server VM (25.74-b02) for windows-amd64 JRE (1.8.0_74-b02), built on Jan 29 2016 17:42:36 by "java_re" with MS VC++ 10.0 (VS2010)

time: Sat May 28 10:12:22 2016
elapsed time: 1 seconds (0d 0h 0m 1s)

